1 554
2 616
3 908
4 148
5 751
6 660
7 79
8 27
9 600
10 32
11 980
12 779
13 739
14 88
15 652
16 626
17 502
18 901
19 349
20 828
21 726
22 825
23 125
24 53
25 749
26 719
27 121
28 814
29 167
30 205
31 987
32 834
33 123
34 200
35 248
36 63
37 764
38 150
39 591
40 497
41 949
42 268
43 239
44 700
45 489
46 677
47 865
48 348
49 433
50 548
51 334
52 15
53 576
54 993
55 937
56 157
57 475
58 603
59 506
60 638
61 637
62 962
63 70
64 599
65 308
66 748
67 307
68 318
69 830
70 871
71 904
72 813
73 531
74 536
75 930
76 666
77 468
78 703
79 755
80 321
81 620
82 393
83 41
84 451
85 370
86 96
87 991
88 172
89 133
90 9
91 982
92 100
93 151
94 52
95 881
96 86
97 781
98 555
99 159
100 709
101 900
102 295
103 680
104 488
105 678
106 211
107 961
108 483
109 270
110 416
111 867
112 632
113 539
114 470
115 878
116 711
117 93
118 188
119 331
120 567
121 182
122 710
123 589
124 116
125 204
126 238
127 743
128 736
129 208
130 380
131 959
132 34
133 804
134 16
135 861
136 594
137 25
138 351
139 64
140 363
141 176
142 152
143 581
144 628
145 156
146 379
147 163
148 445
149 679
150 136
151 286
152 355
153 738
154 319
155 538
156 759
157 240
158 256
159 948
160 365
161 76
162 291
163 191
164 203
165 577
166 403
167 773
168 578
169 292
170 753
171 67
172 820
173 330
174 848
175 343
176 463
177 970
178 398
179 979
180 699
181 83
182 347
183 498
184 77
185 746
186 112
187 317
188 611
189 137
190 605
191 437
192 132
193 851
194 986
195 607
196 541
197 950
198 264
199 519
200 849
201 314
202 847
203 117
204 89
205 651
206 443
207 327
208 642
209 585
210 791
211 614
212 808
213 942
214 362
215 251
216 99
217 368
218 98
219 394
220 778
221 645
222 780
223 929
224 229
225 57
226 810
227 958
228 508
229 561
230 447
231 28
232 569
233 647
234 971
235 44
236 953
237 767
238 224
239 396
240 194
241 339
242 144
243 461
244 312
245 513
246 186
247 802
248 667
249 833
250 533
251 697
252 684
253 383
254 789
255 946
256 73
257 817
258 436
259 650
260 919
261 786
262 566
263 994
264 246
265 939
266 491
267 932
268 390
269 742
270 618
271 818
272 837
273 360
274 995
275 422
276 723
277 60
278 434
279 185
280 438
281 31
282 516
283 617
284 418
285 406
286 310
287 906
288 631
289 367
290 464
291 915
292 11
293 790
294 175
295 309
296 747
297 821
298 450
299 423
300 996
301 540
302 14
303 332
304 785
305 898
306 879
307 21
308 8
309 668
310 323
311 544
312 179
313 916
314 448
315 231
316 375
317 216
318 6
319 289
320 257
321 381
322 728
323 282
324 713
325 72
326 673
327 485
328 249
329 71
330 777
331 352
332 460
333 624
334 284
335 324
336 794
337 890
338 559
339 911
340 966
341 583
342 840
343 401
344 369
345 547
346 219
347 990
348 593
349 622
350 853
351 183
352 854
353 103
354 965
355 897
356 720
357 265
358 102
359 303
360 130
361 756
362 490
363 557
364 682
365 49
366 409
367 299
368 556
369 623
370 46
371 441
372 153
373 935
374 140
375 65
376 4
377 776
378 66
379 254
380 725
381 142
382 402
383 480
384 155
385 400
386 558
387 288
388 947
389 192
390 462
391 245
392 880
393 598
394 562
395 113
396 160
397 689
398 787
399 609
400 425
401 565
402 704
403 646
404 486
405 198
406 505
407 147
408 936
409 940
410 563
411 973
412 305
413 258
414 134
415 882
416 24
417 588
418 467
419 301
420 17
421 87
422 909
423 385
424 344
425 708
426 823
427 78
428 431
429 236
430 300
431 518
432 975
433 141
434 421
435 886
436 792
437 888
438 2
439 750
440 36
441 458
442 199
443 629
444 221
445 574
446 82
447 74
448 84
449 13
450 997
451 671
452 165
453 326
454 382
455 149
456 595
457 883
458 139
459 126
460 702
461 40
462 408
463 782
464 913
465 657
466 858
467 857
468 218
469 92
470 493
471 635
472 758
473 698
474 124
475 263
476 933
477 228
478 97
479 968
480 94
481 572
482 128
483 511
484 760
485 690
486 775
487 805
488 522
489 220
490 884
491 744
492 500
493 691
494 333
495 827
496 601
497 665
498 687
499 227
500 831
501 495
502 354
503 716
504 466
505 336
506 564
507 269
508 262
509 276
510 316
511 432
512 686
513 715
514 730
515 7
516 95
517 108
518 85
519 549
520 763
521 701
522 862
523 342
524 138
525 313
526 430
527 168
528 278
529 373
530 722
531 835
532 534
533 816
534 597
535 503
536 741
537 104
538 718
539 587
540 535
541 754
542 131
543 602
544 477
545 801
546 712
547 972
548 920
549 863
550 384
551 417
552 328
553 420
554 633
555 812
556 768
557 389
558 449
559 311
560 705
561 640
562 392
563 850
564 889
565 693
566 528
567 106
568 43
569 945
570 895
571 537
572 815
573 81
574 706
575 762
576 774
577 457
578 180
579 800
580 974
581 411
582 656
583 290
584 181
585 806
586 683
587 266
588 232
589 546
590 860
591 243
592 899
593 592
594 655
595 757
596 584
597 515
598 654
599 145
600 111
601 201
602 582
603 494
604 978
605 171
606 824
607 184
608 799
609 452
610 197
611 51
612 928
613 954
614 374
615 798
616 412
617 868
618 146
619 119
620 304
621 844
622 297
623 356
624 435
625 921
626 905
627 287
628 320
629 335
630 887
631 636
632 839
633 226
634 459
635 926
636 241
637 694
638 525
639 22
640 261
641 377
642 696
643 869
644 737
645 20
646 271
647 259
648 275
649 931
650 429
651 874
652 154
653 397
654 956
655 18
656 732
657 822
658 415
659 832
660 590
661 80
662 75
663 729
664 122
665 526
666 30
667 550
668 875
669 912
670 196
671 193
672 910
673 630
674 170
675 740
676 795
677 721
678 894
679 325
680 465
681 927
682 648
683 914
684 984
685 302
686 187
687 819
688 242
689 662
690 992
691 446
692 809
693 707
694 387
695 695
696 359
697 542
698 957
699 846
700 174
701 772
702 575
703 361
704 235
705 610
706 784
707 456
708 247
709 293
710 507
711 345
712 639
713 859
714 891
715 272
716 523
717 634
718 223
719 39
720 570
721 454
722 474
723 322
724 484
725 793
726 273
727 213
728 315
729 3
730 907
731 829
732 277
733 189
734 225
735 478
736 675
737 877
738 866
739 10
740 520
741 177
742 371
743 428
744 553
745 59
746 346
747 644
748 410
749 843
750 922
751 404
752 50
753 499
754 670
755 476
756 195
757 419
758 976
759 169
760 120
761 285
762 62
763 407
764 135
765 358
766 118
767 733
768 158
769 492
770 280
771 938
772 586
773 357
774 129
775 23
776 164
777 350
778 252
779 619
780 643
781 296
782 230
783 166
784 424
785 48
786 514
787 469
788 341
789 47
790 372
791 771
792 222
793 845
794 190
795 724
796 206
797 19
798 26
799 532
800 115
801 353
802 255
803 615
804 37
805 61
806 964
807 161
808 482
809 807
810 653
811 663
812 552
813 560
814 233
815 998
816 783
817 658
818 214
819 625
820 414
821 934
822 202
823 988
824 337
825 649
826 688
827 426
828 509
829 873
830 568
831 752
832 963
833 885
834 329
835 453
836 101
837 237
838 517
839 917
840 841
841 580
842 378
843 838
844 606
845 765
846 340
847 366
848 999
849 612
850 669
851 573
852 279
853 209
854 212
855 925
856 943
857 29
858 604
859 826
860 955
861 731
862 496
863 803
864 960
865 210
866 440
867 923
868 33
869 788
870 68
871 5
872 105
873 870
874 944
875 294
876 893
877 274
878 872
879 109
880 1000
881 543
882 797
883 641
884 481
885 413
886 444
887 902
888 941
889 985
890 524
891 811
892 896
893 685
894 596
895 338
896 281
897 253
898 745
899 770
900 207
901 471
902 298
903 661
904 717
905 399
906 283
907 672
908 551
909 364
910 439
911 107
912 127
913 674
914 69
915 234
916 143
917 267
918 388
919 260
920 487
921 527
922 12
923 376
924 178
925 386
926 110
927 306
928 442
929 35
930 55
931 250
932 969
933 967
934 472
935 989
936 427
937 521
938 244
939 42
940 613
941 501
942 952
943 842
944 892
945 512
946 664
947 735
948 714
949 45
950 91
951 530
952 215
953 391
954 727
955 983
956 510
957 395
958 405
959 162
960 627
961 58
962 579
963 734
964 692
965 761
966 173
967 903
968 769
969 951
970 676
971 855
972 681
973 38
974 924
975 981
976 1
977 54
978 455
979 918
980 864
981 114
982 796
983 836
984 504
985 852
986 876
987 766
988 56
989 473
990 659
991 571
992 856
993 977
994 217
995 529
996 608
997 479
998 545
999 621
1000 90
1 819
2 978
3 887
4 466
5 939
6 864
7 548
8 602
9 849
10 277
11 877
12 107
13 457
14 704
15 582
16 606
17 964
18 889
19 149
20 963
21 670
22 605
23 776
24 396
25 669
26 783
27 747
28 322
29 541
30 441
31 709
32 700
33 638
34 494
35 419
36 204
37 375
38 571
39 979
40 660
41 761
42 976
43 228
44 8
45 438
46 888
47 299
48 410
49 898
50 62
51 565
52 275
53 696
54 447
55 79
56 758
57 975
58 867
59 422
60 391
61 629
62 784
63 624
64 847
65 269
66 469
67 59
68 816
69 553
70 83
71 826
72 157
73 165
74 448
75 290
76 280
77 420
78 912
79 231
80 219
81 300
82 585
83 134
84 383
85 922
86 796
87 369
88 242
89 885
90 598
91 1
92 762
93 510
94 778
95 497
96 613
97 610
98 232
99 996
100 113
101 683
102 637
103 435
104 347
105 891
106 35
107 257
108 343
109 687
110 21
111 381
112 180
113 304
114 143
115 998
116 748
117 229
118 651
119 960
120 496
121 207
122 516
123 95
124 555
125 181
126 868
127 732
128 989
129 733
130 161
131 430
132 642
133 129
134 404
135 717
136 839
137 217
138 423
139 766
140 650
141 226
142 402
143 73
144 903
145 503
146 983
147 400
148 738
149 727
150 55
151 36
152 456
153 485
154 531
155 433
156 947
157 344
158 9
159 780
160 46
161 982
162 319
163 814
164 881
165 628
166 909
167 940
168 150
169 349
170 830
171 154
172 416
173 580
174 835
175 509
176 535
177 988
178 248
179 101
180 96
181 478
182 984
183 705
184 182
185 788
186 994
187 28
188 915
189 949
190 846
191 801
192 412
193 426
194 724
195 791
196 22
197 241
198 685
199 459
200 208
201 879
202 633
203 175
204 136
205 550
206 315
207 295
208 714
209 838
210 17
211 831
212 820
213 348
214 483
215 914
216 649
217 70
218 302
219 53
220 691
221 296
222 754
223 51
224 936
225 871
226 187
227 289
228 538
229 449
230 239
231 808
232 836
233 760
234 999
235 682
236 546
237 713
238 518
239 489
240 262
241 506
242 577
243 357
244 834
245 906
246 265
247 739
248 749
249 461
250 634
251 644
252 686
253 493
254 334
255 3
256 928
257 523
258 230
259 64
260 828
261 408
262 997
263 472
264 323
265 813
266 159
267 945
268 360
269 665
270 276
271 123
272 980
273 470
274 427
275 166
276 399
277 792
278 991
279 775
280 961
281 388
282 234
283 675
284 897
285 821
286 970
287 135
288 23
289 952
290 492
291 566
292 934
293 117
294 163
295 395
296 41
297 985
298 726
299 105
300 145
301 314
302 127
303 795
304 99
305 100
306 455
307 227
308 869
309 282
310 557
311 253
312 563
313 674
314 599
315 734
316 917
317 67
318 586
319 211
320 722
321 899
322 474
323 5
324 625
325 773
326 768
327 209
328 604
329 112
330 874
331 345
332 590
333 85
334 848
335 71
336 966
337 16
338 460
339 692
340 252
341 356
342 769
343 407
344 875
345 787
346 212
347 93
348 177
349 271
350 859
351 759
352 329
353 757
354 929
355 857
356 536
357 169
358 174
359 728
360 514
361 205
362 179
363 851
364 367
365 616
366 215
367 442
368 856
369 268
370 355
371 977
372 353
373 291
374 283
375 840
376 969
377 918
378 479
379 863
380 591
381 86
382 786
383 576
384 615
385 810
386 873
387 351
388 199
389 593
390 238
391 362
392 853
393 421
394 893
395 108
396 74
397 392
398 646
399 811
400 361
401 431
402 147
403 340
404 115
405 139
406 532
407 950
408 752
409 579
410 195
411 223
412 777
413 475
414 626
415 285
416 534
417 946
418 941
419 601
420 434
421 250
422 515
423 409
424 770
425 794
426 54
427 110
428 614
429 31
430 266
431 661
432 719
433 38
434 377
435 398
436 244
437 155
438 77
439 243
440 463
441 677
442 183
443 203
444 793
445 167
446 855
447 513
448 237
449 52
450 564
451 574
452 32
453 751
454 621
455 707
456 800
457 487
458 837
459 974
460 870
461 663
462 10
463 799
464 654
465 439
466 636
467 339
468 720
469 473
470 213
471 932
472 779
473 648
474 263
475 526
476 597
477 561
478 933
479 401
480 905
481 973
482 480
483 710
484 444
485 832
486 972
487 630
488 852
489 236
490 331
491 72
492 501
493 288
494 744
495 962
496 925
497 924
498 309
499 446
500 772
501 451
502 324
503 517
504 170
505 731
506 462
507 332
508 337
509 254
510 245
511 528
512 498
513 84
514 273
515 359
516 916
517 782
518 186
519 294
520 156
521 363
522 162
523 500
524 671
525 965
526 437
527 45
528 725
529 721
530 445
531 995
532 30
533 718
534 2
535 653
536 584
537 137
538 797
539 886
540 224
541 325
542 807
543 121
544 365
545 384
546 12
547 756
548 596
549 823
550 333
551 126
552 424
553 505
554 702
555 194
556 468
557 411
558 631
559 152
560 338
561 562
562 366
563 4
564 190
565 189
566 860
567 56
568 37
569 432
570 525
571 894
572 880
573 218
574 764
575 716
576 450
577 124
578 743
579 815
580 746
581 911
582 20
583 477
584 612
585 547
586 895
587 57
588 197
589 943
590 679
591 992
592 635
593 251
594 97
595 260
596 926
597 380
598 66
599 908
600 270
601 130
602 202
603 843
604 942
605 488
606 896
607 292
608 24
609 844
610 298
611 196
612 267
613 858
614 482
615 382
616 742
617 184
618 981
619 678
620 48
621 923
622 543
623 551
624 540
625 559
626 560
627 128
628 317
629 499
630 993
631 639
632 865
633 512
634 680
635 673
636 261
637 364
638 554
639 833
640 781
641 904
642 927
643 168
644 206
645 142
646 882
647 750
648 990
649 1000
650 335
651 491
652 307
653 443
654 954
655 394
656 467
657 389
658 652
659 658
660 632
661 89
662 708
663 736
664 233
665 883
666 659
667 278
668 235
669 11
670 258
671 690
672 259
673 172
674 284
675 417
676 611
677 311
678 841
679 464
680 90
681 578
682 281
683 594
684 957
685 374
686 876
687 318
688 623
689 370
690 931
691 49
692 527
693 286
694 910
695 109
696 465
697 132
698 620
699 809
700 544
701 19
702 953
703 817
704 588
705 25
706 657
707 695
708 812
709 664
710 627
711 116
712 354
713 144
714 763
715 119
716 935
717 490
718 216
719 350
720 330
721 87
722 617
723 688
724 342
725 308
726 542
727 706
728 798
729 765
730 153
731 862
732 78
733 140
734 255
735 393
736 94
737 386
738 131
739 790
740 114
741 803
742 703
743 902
744 737
745 698
746 15
747 454
748 520
749 861
750 640
751 643
752 956
753 581
754 313
755 40
756 668
757 745
758 802
759 221
760 43
761 529
762 68
763 33
764 822
765 44
766 484
767 125
768 774
769 80
770 575
771 552
772 76
773 892
774 872
775 406
776 138
777 825
778 336
779 14
780 310
781 948
782 521
783 944
784 522
785 220
786 7
787 346
788 655
789 804
790 120
791 341
792 312
793 425
794 61
795 98
796 210
797 358
798 711
799 829
800 699
801 75
802 321
803 92
804 191
805 418
806 91
807 185
808 715
809 178
810 222
811 884
812 440
813 436
814 672
815 246
816 667
817 247
818 854
819 901
820 645
821 676
822 573
823 486
824 158
825 415
826 539
827 641
828 805
829 39
830 164
831 570
832 376
833 569
834 373
835 305
836 372
837 603
838 592
839 866
840 689
841 118
842 785
843 50
844 545
845 428
846 306
847 81
848 701
849 681
850 104
851 608
852 937
853 609
854 666
855 249
856 572
857 148
858 556
859 225
860 320
861 69
862 900
863 471
864 656
865 201
866 824
867 106
868 60
869 589
870 256
871 198
872 693
873 303
874 806
875 58
876 938
877 481
878 729
879 297
880 328
881 34
882 495
883 507
884 171
885 755
886 508
887 403
888 316
889 930
890 842
891 694
892 878
893 587
894 176
895 453
896 378
897 986
898 326
899 368
900 967
901 188
902 647
903 530
904 397
905 987
906 730
907 102
908 595
909 583
910 607
911 723
912 740
913 160
914 921
915 958
916 214
917 735
918 301
919 29
920 511
921 387
922 390
923 379
924 767
925 103
926 352
927 697
928 6
929 26
930 272
931 971
932 662
933 537
934 600
935 476
936 567
937 264
938 524
939 88
940 327
941 622
942 951
943 753
944 955
945 13
946 200
947 502
948 287
949 519
950 151
951 47
952 18
953 429
954 63
955 82
956 558
957 549
958 293
959 414
960 845
961 968
962 850
963 504
964 65
965 452
966 146
967 141
968 240
969 385
970 890
971 619
972 920
973 193
974 568
975 122
976 618
977 192
978 133
979 741
980 274
981 279
982 413
983 771
984 712
985 684
986 818
987 458
988 789
989 173
990 913
991 371
992 533
993 919
994 959
995 907
996 27
997 827
998 111
999 405
1000 42
